<?xml version="1.0" encoding="UTF-8" ?>
<testsuite failures="1" time="0.035" errors="0" skipped="0" tests="9" name="ohtu.intjoukkosovellus.IntJoukkoKaksiparametrisellaKonstruktorillaTest">
  <properties>
[...]
</properties>
  <testcase time="0.001" classname="ohtu.intjoukkosovellus.IntJoukkoKaksiparametrisellaKonstruktorillaTest" name="vainLisatytLuvutLoytyvat"/>
  <testcase time="0" classname="ohtu.intjoukkosovellus.IntJoukkoKaksiparametrisellaKonstruktorillaTest" name="poistettuEiOleEnaaJoukossa"/>
  <testcase time="0" classname="ohtu.intjoukkosovellus.IntJoukkoKaksiparametrisellaKonstruktorillaTest" name="samaLukuMeneeJoukkoonVaanKerran"/>
  <testcase time="0.001" classname="ohtu.intjoukkosovellus.IntJoukkoKaksiparametrisellaKonstruktorillaTest" name="lukujaLisattyMaara"/>
  <testcase time="0.001" classname="ohtu.intjoukkosovellus.IntJoukkoKaksiparametrisellaKonstruktorillaTest" name="palautetaanOikeaTaulukko"/>
  <testcase time="0.004" classname="ohtu.intjoukkosovellus.IntJoukkoKaksiparametrisellaKonstruktorillaTest" name="toimiiKasvatuksenJalkeen">
    <failure type="java.lang.AssertionError">java.lang.AssertionError
	at org.junit.Assert.fail(Assert.java:92)
	at org.junit.Assert.assertTrue(Assert.java:43)
	at org.junit.Assert.assertTrue(Assert.java:54)
	at ohtu.intjoukkosovellus.IntJoukkoTest.toimiiKasvatuksenJalkeen(IntJoukkoTest.java:67)
	at sun.reflect.NativeMethodAccessorImpl.invoke0(Native Method)
	at sun.reflect.NativeMethodAccessorImpl.invoke(NativeMethodAccessorImpl.java:57)
	at sun.reflect.DelegatingMethodAccessorImpl.invoke(DelegatingMethodAccessorImpl.java:43)
	at java.lang.reflect.Method.invoke(Method.java:606)
	at org.junit.runners.model.FrameworkMethod$1.runReflectiveCall(FrameworkMethod.java:45)
	at org.junit.internal.runners.model.ReflectiveCallable.run(ReflectiveCallable.java:15)
	at org.junit.runners.model.FrameworkMethod.invokeExplosively(FrameworkMethod.java:42)
	at org.junit.internal.runners.statements.InvokeMethod.evaluate(InvokeMethod.java:20)
	at org.junit.internal.runners.statements.RunBefores.evaluate(RunBefores.java:28)
	at org.junit.runners.ParentRunner.runLeaf(ParentRunner.java:263)
	at org.junit.runners.BlockJUnit4ClassRunner.runChild(BlockJUnit4ClassRunner.java:68)
	at org.junit.runners.BlockJUnit4ClassRunner.runChild(BlockJUnit4ClassRunner.java:47)
	at org.junit.runners.ParentRunner$3.run(ParentRunner.java:231)
	at org.junit.runners.ParentRunner$1.schedule(ParentRunner.java:60)
	at org.junit.runners.ParentRunner.runChildren(ParentRunner.java:229)
	at org.junit.runners.ParentRunner.access$000(ParentRunner.java:50)
	at org.junit.runners.ParentRunner$2.evaluate(ParentRunner.java:222)
	at org.junit.runners.ParentRunner.run(ParentRunner.java:300)
	at org.apache.maven.surefire.junit4.JUnit4TestSet.execute(JUnit4TestSet.java:53)
	at org.apache.maven.surefire.junit4.JUnit4Provider.executeTestSet(JUnit4Provider.java:123)
	at org.apache.maven.surefire.junit4.JUnit4Provider.invoke(JUnit4Provider.java:104)
	at sun.reflect.NativeMethodAccessorImpl.invoke0(Native Method)
	at sun.reflect.NativeMethodAccessorImpl.invoke(NativeMethodAccessorImpl.java:57)
	at sun.reflect.DelegatingMethodAccessorImpl.invoke(DelegatingMethodAccessorImpl.java:43)
	at java.lang.reflect.Method.invoke(Method.java:606)
	at org.apache.maven.surefire.util.ReflectionUtils.invokeMethodWithArray(ReflectionUtils.java:164)
	at org.apache.maven.surefire.booter.ProviderFactory$ProviderProxy.invoke(ProviderFactory.java:110)
	at org.apache.maven.surefire.booter.SurefireStarter.invokeProvider(SurefireStarter.java:175)
	at org.apache.maven.surefire.booter.SurefireStarter.runSuitesInProcessWhenForked(SurefireStarter.java:107)
	at org.apache.maven.surefire.booter.ForkedBooter.main(ForkedBooter.java:68)
</failure>
  </testcase>
  <testcase time="0" classname="ohtu.intjoukkosovellus.IntJoukkoKaksiparametrisellaKonstruktorillaTest" name="toStringToimii"/>
  <testcase time="0" classname="ohtu.intjoukkosovellus.IntJoukkoKaksiparametrisellaKonstruktorillaTest" name="toStringToimiiYhdenKokoiselleJoukolla"/>
  <testcase time="0.001" classname="ohtu.intjoukkosovellus.IntJoukkoKaksiparametrisellaKonstruktorillaTest" name="toStringToimiiTyhjallaJoukolla"/>
</testsuite>